Traceback (most recent call last):
  File "/usr/share/miniconda/envs/__setup_conda/lib/python3.8/site-packages/jupyter_cache/executors/utils.py", line 58, in single_nb_execution
    executenb(
  File "/usr/share/miniconda/envs/__setup_conda/lib/python3.8/site-packages/nbclient/client.py", line 1305, in execute
    return NotebookClient(nb=nb, resources=resources, km=km, **kwargs).execute()
  File "/usr/share/miniconda/envs/__setup_conda/lib/python3.8/site-packages/jupyter_core/utils/__init__.py", line 165, in wrapped
    return loop.run_until_complete(inner)
  File "/usr/share/miniconda/envs/__setup_conda/lib/python3.8/asyncio/base_events.py", line 616, in run_until_complete
    return future.result()
  File "/usr/share/miniconda/envs/__setup_conda/lib/python3.8/site-packages/nbclient/client.py", line 705, in async_execute
    await self.async_execute_cell(
  File "/usr/share/miniconda/envs/__setup_conda/lib/python3.8/site-packages/nbclient/client.py", line 1058, in async_execute_cell
    await self._check_raise_for_error(cell, cell_index, exec_reply)
  File "/usr/share/miniconda/envs/__setup_conda/lib/python3.8/site-packages/nbclient/client.py", line 914, in _check_raise_for_error
    raise CellExecutionError.from_cell_and_msg(cell, exec_reply_content)
nbclient.exceptions.CellExecutionError: An error occurred while executing the following cell:
------------------
import matplotlib.pyplot as plt

fig, ax = plt.subplots(figsize=(6,8))
for i, v in enumerate(evecs.transpose()[:6]):
    #V_new, ScaleFactor = infinite_well_plot_scaling(E,V,xvec,W)
    color=mpl.cm.jet_r((i)/(float)(6-1),1)
    ax.plot(xvec, v*2e2+ evals[i], c=color)
    ax.axhline(evals[i], c=color, ls='--')
ax.set_xlim(xvec[0], xvec[-1])
ax.set_xlabel('L', fontsize=14)
# set y label
ax.set_ylabel('Energy / (a.u.)', fontsize=14)
plt.show()
------------------


[0;31m---------------------------------------------------------------------------[0m
[0;31mNameError[0m                                 Traceback (most recent call last)
Cell [0;32mIn[8], line 6[0m
[1;32m      3[0m fig, ax [38;5;241m=[39m plt[38;5;241m.[39msubplots(figsize[38;5;241m=[39m([38;5;241m6[39m,[38;5;241m8[39m))
[1;32m      4[0m [38;5;28;01mfor[39;00m i, v [38;5;129;01min[39;00m [38;5;28menumerate[39m(evecs[38;5;241m.[39mtranspose()[:[38;5;241m6[39m]):
[1;32m      5[0m     [38;5;66;03m#V_new, ScaleFactor = infinite_well_plot_scaling(E,V,xvec,W)[39;00m
[0;32m----> 6[0m     color[38;5;241m=[39m[43mmpl[49m[38;5;241m.[39mcm[38;5;241m.[39mjet_r((i)[38;5;241m/[39m([38;5;28mfloat[39m)([38;5;241m6[39m[38;5;241m-[39m[38;5;241m1[39m),[38;5;241m1[39m)
[1;32m      7[0m     ax[38;5;241m.[39mplot(xvec, v[38;5;241m*[39m[38;5;241m2e2[39m[38;5;241m+[39m evals[i], c[38;5;241m=[39mcolor)
[1;32m      8[0m     ax[38;5;241m.[39maxhline(evals[i], c[38;5;241m=[39mcolor, ls[38;5;241m=[39m[38;5;124m'[39m[38;5;124m--[39m[38;5;124m'[39m)

[0;31mNameError[0m: name 'mpl' is not defined

