Traceback (most recent call last):
  File "/usr/share/miniconda/envs/__setup_conda/lib/python3.8/site-packages/jupyter_cache/executors/utils.py", line 58, in single_nb_execution
    executenb(
  File "/usr/share/miniconda/envs/__setup_conda/lib/python3.8/site-packages/nbclient/client.py", line 1305, in execute
    return NotebookClient(nb=nb, resources=resources, km=km, **kwargs).execute()
  File "/usr/share/miniconda/envs/__setup_conda/lib/python3.8/site-packages/jupyter_core/utils/__init__.py", line 165, in wrapped
    return loop.run_until_complete(inner)
  File "/usr/share/miniconda/envs/__setup_conda/lib/python3.8/asyncio/base_events.py", line 616, in run_until_complete
    return future.result()
  File "/usr/share/miniconda/envs/__setup_conda/lib/python3.8/site-packages/nbclient/client.py", line 705, in async_execute
    await self.async_execute_cell(
  File "/usr/share/miniconda/envs/__setup_conda/lib/python3.8/site-packages/nbclient/client.py", line 1058, in async_execute_cell
    await self._check_raise_for_error(cell, cell_index, exec_reply)
  File "/usr/share/miniconda/envs/__setup_conda/lib/python3.8/site-packages/nbclient/client.py", line 914, in _check_raise_for_error
    raise CellExecutionError.from_cell_and_msg(cell, exec_reply_content)
nbclient.exceptions.CellExecutionError: An error occurred while executing the following cell:
------------------
print (" lowest bound state energies:")
for i in range(n):
    print ('E(%g) = %.2f'%(i+1,E[i]))
------------------

----- stdout -----
 lowest bound state energies:
------------------

[0;31m---------------------------------------------------------------------------[0m
[0;31mNameError[0m                                 Traceback (most recent call last)
Cell [0;32mIn[17], line 2[0m
[1;32m      1[0m [38;5;28mprint[39m ([38;5;124m"[39m[38;5;124m lowest bound state energies:[39m[38;5;124m"[39m)
[0;32m----> 2[0m [38;5;28;01mfor[39;00m i [38;5;129;01min[39;00m [38;5;28mrange[39m([43mn[49m):
[1;32m      3[0m     [38;5;28mprint[39m ([38;5;124m'[39m[38;5;124mE([39m[38;5;132;01m%g[39;00m[38;5;124m) = [39m[38;5;132;01m%.2f[39;00m[38;5;124m'[39m[38;5;241m%[39m(i[38;5;241m+[39m[38;5;241m1[39m,E[i]))

[0;31mNameError[0m: name 'n' is not defined

